<?xml version="1.0" encoding="UTF-8"?>
<testsuite name="ru.otus.otuskotlin.ads_vehicles.ApplicationTest" tests="1" skipped="0" failures="1" errors="0" timestamp="2020-10-02T17:56:50" hostname="MacBook-Pro.local" time="14.348">
  <properties/>
  <testcase name="testGetAd" classname="ru.otus.otuskotlin.ads_vehicles.ApplicationTest" time="14.348">
    <failure message="java.lang.NoSuchMethodError: kotlinx.serialization.json.Json$Default.encodeToString(Lkotlinx/serialization/SerializationStrategy;Ljava/lang/Object;)Ljava/lang/String;" type="java.lang.NoSuchMethodError">java.lang.NoSuchMethodError: kotlinx.serialization.json.Json$Default.encodeToString(Lkotlinx/serialization/SerializationStrategy;Ljava/lang/Object;)Ljava/lang/String;
	at ru.otus.otuskotlin.ads_vehicles.ApplicationTest$testGetAd$2$1.invoke(ApplicationTest.kt:25)
	at ru.otus.otuskotlin.ads_vehicles.ApplicationTest$testGetAd$2$1.invoke(ApplicationTest.kt:17)
	at io.ktor.server.testing.TestEngineKt$handleRequest$2.invoke(TestEngine.kt:35)
	at io.ktor.server.testing.TestEngineKt$handleRequest$2.invoke(TestEngine.kt)
	at io.ktor.server.testing.TestApplicationEngine$processRequest$1.invoke(TestApplicationEngine.kt:107)
	at io.ktor.server.testing.TestApplicationEngine$processRequest$1.invoke(TestApplicationEngine.kt:28)
	at io.ktor.server.testing.TestApplicationEngine$handleRequest$call$1.invoke(TestApplicationEngine.kt:143)
	at io.ktor.server.testing.TestApplicationEngine$handleRequest$call$1.invoke(TestApplicationEngine.kt:28)
	at io.ktor.server.testing.TestApplicationEngine.createCall(TestApplicationEngine.kt:264)
	at io.ktor.server.testing.TestApplicationEngine.handleRequest(TestApplicationEngine.kt:143)
	at io.ktor.server.testing.TestApplicationEngine.handleRequest$default(TestApplicationEngine.kt:142)
	at io.ktor.server.testing.TestEngineKt.handleRequest(TestEngine.kt:32)
	at ru.otus.otuskotlin.ads_vehicles.ApplicationTest$testGetAd$2.invoke(ApplicationTest.kt:21)
	at ru.otus.otuskotlin.ads_vehicles.ApplicationTest$testGetAd$2.invoke(ApplicationTest.kt:17)
	at io.ktor.server.testing.TestEngineKt$withTestApplication$1.invoke(TestEngine.kt:68)
	at io.ktor.server.testing.TestEngineKt$withTestApplication$1.invoke(TestEngine.kt)
	at io.ktor.server.testing.TestEngineKt.withApplication(TestEngine.kt:49)
	at io.ktor.server.testing.TestEngineKt.withApplication$default(TestEngine.kt:43)
	at io.ktor.server.testing.TestEngineKt.withTestApplication(TestEngine.kt:66)
	at ru.otus.otuskotlin.ads_vehicles.ApplicationTest.testGetAd(ApplicationTest.kt:20)
	at java.base/jdk.internal.reflect.NativeMethodAccessorImpl.invoke0(Native Method)
	at java.base/jdk.internal.reflect.NativeMethodAccessorImpl.invoke(NativeMethodAccessorImpl.java:62)
	at java.base/jdk.internal.reflect.DelegatingMethodAccessorImpl.invoke(DelegatingMethodAccessorImpl.java:43)
	at java.base/java.lang.reflect.Method.invoke(Method.java:567)
	at org.junit.runners.model.FrameworkMethod$1.runReflectiveCall(FrameworkMethod.java:50)
	at org.junit.internal.runners.model.ReflectiveCallable.run(ReflectiveCallable.java:12)
	at org.junit.runners.model.FrameworkMethod.invokeExplosively(FrameworkMethod.java:47)
	at org.junit.internal.runners.statements.InvokeMethod.evaluate(InvokeMethod.java:17)
	at org.junit.runners.ParentRunner.runLeaf(ParentRunner.java:325)
	at org.junit.runners.BlockJUnit4ClassRunner.runChild(BlockJUnit4ClassRunner.java:78)
	at org.junit.runners.BlockJUnit4ClassRunner.runChild(BlockJUnit4ClassRunner.java:57)
	at org.junit.runners.ParentRunner$3.run(ParentRunner.java:290)
	at org.junit.runners.ParentRunner$1.schedule(ParentRunner.java:71)
	at org.junit.runners.ParentRunner.runChildren(ParentRunner.java:288)
	at org.junit.runners.ParentRunner.access$000(ParentRunner.java:58)
	at org.junit.runners.ParentRunner$2.evaluate(ParentRunner.java:268)
	at org.junit.runners.ParentRunner.run(ParentRunner.java:363)
	at org.gradle.api.internal.tasks.testing.junit.JUnitTestClassExecutor.runTestClass(JUnitTestClassExecutor.java:110)
	at org.gradle.api.internal.tasks.testing.junit.JUnitTestClassExecutor.execute(JUnitTestClassExecutor.java:58)
	at org.gradle.api.internal.tasks.testing.junit.JUnitTestClassExecutor.execute(JUnitTestClassExecutor.java:38)
	at org.gradle.api.internal.tasks.testing.junit.AbstractJUnitTestClassProcessor.processTestClass(AbstractJUnitTestClassProcessor.java:62)
	at org.gradle.api.internal.tasks.testing.SuiteTestClassProcessor.processTestClass(SuiteTestClassProcessor.java:51)
	at java.base/jdk.internal.reflect.NativeMethodAccessorImpl.invoke0(Native Method)
	at java.base/jdk.internal.reflect.NativeMethodAccessorImpl.invoke(NativeMethodAccessorImpl.java:62)
	at java.base/jdk.internal.reflect.DelegatingMethodAccessorImpl.invoke(DelegatingMethodAccessorImpl.java:43)
	at java.base/java.lang.reflect.Method.invoke(Method.java:567)
	at org.gradle.internal.dispatch.ReflectionDispatch.dispatch(ReflectionDispatch.java:36)
	at org.gradle.internal.dispatch.ReflectionDispatch.dispatch(ReflectionDispatch.java:24)
	at org.gradle.internal.dispatch.ContextClassLoaderDispatch.dispatch(ContextClassLoaderDispatch.java:33)
	at org.gradle.internal.dispatch.ProxyDispatchAdapter$DispatchingInvocationHandler.invoke(ProxyDispatchAdapter.java:94)
	at com.sun.proxy.$Proxy2.processTestClass(Unknown Source)
	at org.gradle.api.internal.tasks.testing.worker.TestWorker.processTestClass(TestWorker.java:118)
	at java.base/jdk.internal.reflect.NativeMethodAccessorImpl.invoke0(Native Method)
	at java.base/jdk.internal.reflect.NativeMethodAccessorImpl.invoke(NativeMethodAccessorImpl.java:62)
	at java.base/jdk.internal.reflect.DelegatingMethodAccessorImpl.invoke(DelegatingMethodAccessorImpl.java:43)
	at java.base/java.lang.reflect.Method.invoke(Method.java:567)
	at org.gradle.internal.dispatch.ReflectionDispatch.dispatch(ReflectionDispatch.java:36)
	at org.gradle.internal.dispatch.ReflectionDispatch.dispatch(ReflectionDispatch.java:24)
	at org.gradle.internal.remote.internal.hub.MessageHubBackedObjectConnection$DispatchWrapper.dispatch(MessageHubBackedObjectConnection.java:182)
	at org.gradle.internal.remote.internal.hub.MessageHubBackedObjectConnection$DispatchWrapper.dispatch(MessageHubBackedObjectConnection.java:164)
	at org.gradle.internal.remote.internal.hub.MessageHub$Handler.run(MessageHub.java:412)
	at org.gradle.internal.concurrent.ExecutorPolicy$CatchAndRecordFailures.onExecute(ExecutorPolicy.java:64)
	at org.gradle.internal.concurrent.ManagedExecutorImpl$1.run(ManagedExecutorImpl.java:48)
	at java.base/java.util.concurrent.ThreadPoolExecutor.runWorker(ThreadPoolExecutor.java:1128)
	at java.base/java.util.concurrent.ThreadPoolExecutor$Worker.run(ThreadPoolExecutor.java:628)
	at org.gradle.internal.concurrent.ThreadFactoryImpl$ManagedThreadRunnable.run(ThreadFactoryImpl.java:56)
	at java.base/java.lang.Thread.run(Thread.java:835)
</failure>
  </testcase>
  <system-out><![CDATA[2020-10-02 20:57:01.808 [Test worker] INFO  ktor.test - No ktor.deployment.watch patterns specified, automatic reload is not active
]]></system-out>
  <system-err><![CDATA[]]></system-err>
</testsuite>
